<?xml version="1.0" encoding="UTF-8"?>
<!-- Generated by org.testng.reporters.JUnitReportReporter -->
<testsuite hostname="DESKTOP-4NI4LIC" failures="0" tests="1" name="test.selenium_TestNG" time="8.553" errors="0" timestamp="2023-01-24T15:53:38 CET" skipped="0">
  <testcase classname="test.selenium_TestNG" name="test" time="8.553"/>
  <system-out/>
</testsuite> <!-- test.selenium_TestNG -->
